/data2/wuxinrui/conda_envs/envs/mobilesam/lib/python3.10/site-packages/timm/models/layers/__init__.py:48: FutureWarning: Importing from timm.models.layers is deprecated, please import via timm.layers
  warnings.warn(f"Importing from {__name__} is deprecated, please import via timm.layers", FutureWarning)
/data2/wuxinrui/conda_envs/envs/mobilesam/lib/python3.10/site-packages/timm/models/registry.py:4: FutureWarning: Importing from timm.models.registry is deprecated, please import via timm.models
  warnings.warn(f"Importing from {__name__} is deprecated, please import via timm.models", FutureWarning)
/data2/wuxinrui/RA-L/MobileSAM/mobile_sam/modeling/tiny_vit_sam.py:700: UserWarning: Overwriting tiny_vit_5m_224 in registry with mobile_sam.modeling.tiny_vit_sam.tiny_vit_5m_224. This is because the name being registered conflicts with an existing name. Please check if this is not expected.
  return register_model(fn_wrapper)
/data2/wuxinrui/RA-L/MobileSAM/mobile_sam/modeling/tiny_vit_sam.py:700: UserWarning: Overwriting tiny_vit_11m_224 in registry with mobile_sam.modeling.tiny_vit_sam.tiny_vit_11m_224. This is because the name being registered conflicts with an existing name. Please check if this is not expected.
  return register_model(fn_wrapper)
/data2/wuxinrui/RA-L/MobileSAM/mobile_sam/modeling/tiny_vit_sam.py:700: UserWarning: Overwriting tiny_vit_21m_224 in registry with mobile_sam.modeling.tiny_vit_sam.tiny_vit_21m_224. This is because the name being registered conflicts with an existing name. Please check if this is not expected.
  return register_model(fn_wrapper)
/data2/wuxinrui/RA-L/MobileSAM/mobile_sam/modeling/tiny_vit_sam.py:700: UserWarning: Overwriting tiny_vit_21m_384 in registry with mobile_sam.modeling.tiny_vit_sam.tiny_vit_21m_384. This is because the name being registered conflicts with an existing name. Please check if this is not expected.
  return register_model(fn_wrapper)
/data2/wuxinrui/RA-L/MobileSAM/mobile_sam/modeling/tiny_vit_sam.py:700: UserWarning: Overwriting tiny_vit_21m_512 in registry with mobile_sam.modeling.tiny_vit_sam.tiny_vit_21m_512. This is because the name being registered conflicts with an existing name. Please check if this is not expected.
  return register_model(fn_wrapper)
loading annotations into memory...
Done (t=10.53s)
creating index...
index created!
loading annotations into memory...
Done (t=0.13s)
creating index...
index created!
Traceback (most recent call last):
  File "/data2/wuxinrui/RA-L/MobileSAM/distill_tiny_msam.py", line 255, in <module>
    main()
  File "/data2/wuxinrui/RA-L/MobileSAM/distill_tiny_msam.py", line 139, in main
    train_dataset = combined_datasets([train_dataset_MIMC, train_dataset_COCO])
UnboundLocalError: local variable 'train_dataset_MIMC' referenced before assignment
